2024-02-01 10:43:12,410 [Worker-1: Updating Maven Dependencies] INFO  o.e.m.c.i.l.LifecycleMappingFactory - Using DEFAULT lifecycle mapping for MavenProject: com.ibm.ace:Calculator_LIB:1.0.0 @ C:\Users\tonda\Downloads\ace-maven-plugin-main\ace-maven-plugin-main\samples\SumAPI\Calculator_LIB\pom.xml.
2024-02-01 10:43:12,474 [Worker-1: Updating Maven Dependencies] INFO  o.e.m.c.i.l.LifecycleMappingFactory - Using DEFAULT lifecycle mapping for MavenProject: com.ibm.ace:Sum_API:1.0.0 @ C:\Users\tonda\Downloads\ace-maven-plugin-main\ace-maven-plugin-main\samples\SumAPI\Sum_API\pom.xml.
2024-02-01 10:43:12,742 [Worker-1: Updating Maven Dependencies] INFO  o.e.m.c.i.l.LifecycleMappingFactory - Using org.eclipse.m2e.jdt.JarLifecycleMapping lifecycle mapping for MavenProject: com.ibm.ace.test:Java_LIB:1.0.0-SNAPSHOT @ C:\Users\tonda\Downloads\ace-maven-plugin-main\ace-maven-plugin-main\samples\SumAPI\Java_LIB\pom.xml.
2024-02-01 10:43:12,775 [Worker-1: Updating Maven Dependencies] INFO  o.e.m.c.i.l.LifecycleMappingFactory - Using DEFAULT lifecycle mapping for MavenProject: com.ibm.ace:Calculator_LIB:1.0.0 @ C:\Users\tonda\Downloads\ace-maven-plugin-main\ace-maven-plugin-main\samples\SumAPI\Calculator_LIB\pom.xml.
2024-02-01 10:43:18,328 [Worker-2: Building] WARN  o.e.m.c.i.embedder.EclipseLogger - Using platform encoding (Cp1252 actually) to copy filtered resources, i.e. build is platform dependent!
2024-02-01 10:43:18,344 [Worker-2: Building] INFO  o.e.m.c.i.embedder.EclipseLogger - skip non existing resourceDirectory C:\Users\tonda\Downloads\ace-maven-plugin-main\ace-maven-plugin-main\samples\SumAPI\Java_LIB\src\main\resources
2024-02-01 10:43:18,344 [Worker-2: Building] WARN  o.e.m.c.i.embedder.EclipseLogger - Using platform encoding (Cp1252 actually) to copy filtered resources, i.e. build is platform dependent!
2024-02-01 10:43:18,344 [Worker-2: Building] INFO  o.e.m.c.i.embedder.EclipseLogger - skip non existing resourceDirectory C:\Users\tonda\Downloads\ace-maven-plugin-main\ace-maven-plugin-main\samples\SumAPI\Java_LIB\src\test\resources
2024-02-01 10:43:20,592 [Worker-0: Building] WARN  o.e.m.c.i.embedder.EclipseLogger - Using platform encoding (Cp1252 actually) to copy filtered resources, i.e. build is platform dependent!
2024-02-01 10:43:20,592 [Worker-0: Building] INFO  o.e.m.c.i.embedder.EclipseLogger - skip non existing resourceDirectory C:\Users\tonda\Downloads\ace-maven-plugin-main\ace-maven-plugin-main\samples\SumAPI\Java_LIB\src\main\resources
2024-02-01 10:43:20,592 [Worker-0: Building] WARN  o.e.m.c.i.embedder.EclipseLogger - Using platform encoding (Cp1252 actually) to copy filtered resources, i.e. build is platform dependent!
2024-02-01 10:43:20,592 [Worker-0: Building] INFO  o.e.m.c.i.embedder.EclipseLogger - skip non existing resourceDirectory C:\Users\tonda\Downloads\ace-maven-plugin-main\ace-maven-plugin-main\samples\SumAPI\Java_LIB\src\test\resources
2024-02-01 10:43:32,457 [main] WARN  o.e.m.c.i.embedder.EclipseLogger - Using platform encoding (Cp1252 actually) to copy filtered resources, i.e. build is platform dependent!
2024-02-01 10:43:32,457 [main] INFO  o.e.m.c.i.embedder.EclipseLogger - skip non existing resourceDirectory C:\Users\tonda\Downloads\ace-maven-plugin-main\ace-maven-plugin-main\samples\SumAPI\Java_LIB\src\main\resources
2024-02-01 10:43:32,457 [main] WARN  o.e.m.c.i.embedder.EclipseLogger - Using platform encoding (Cp1252 actually) to copy filtered resources, i.e. build is platform dependent!
2024-02-01 10:43:32,457 [main] INFO  o.e.m.c.i.embedder.EclipseLogger - skip non existing resourceDirectory C:\Users\tonda\Downloads\ace-maven-plugin-main\ace-maven-plugin-main\samples\SumAPI\Java_LIB\src\test\resources
2024-02-01 10:43:43,724 [main] WARN  o.e.m.c.i.embedder.EclipseLogger - Using platform encoding (Cp1252 actually) to copy filtered resources, i.e. build is platform dependent!
2024-02-01 10:43:43,724 [main] INFO  o.e.m.c.i.embedder.EclipseLogger - skip non existing resourceDirectory C:\Users\tonda\Downloads\ace-maven-plugin-main\ace-maven-plugin-main\samples\SumAPI\Java_LIB\src\main\resources
2024-02-01 10:43:43,739 [main] WARN  o.e.m.c.i.embedder.EclipseLogger - Using platform encoding (Cp1252 actually) to copy filtered resources, i.e. build is platform dependent!
2024-02-01 10:43:43,739 [main] INFO  o.e.m.c.i.embedder.EclipseLogger - skip non existing resourceDirectory C:\Users\tonda\Downloads\ace-maven-plugin-main\ace-maven-plugin-main\samples\SumAPI\Java_LIB\src\test\resources
2024-02-01 10:43:56,230 [main] WARN  o.e.m.c.i.embedder.EclipseLogger - Using platform encoding (Cp1252 actually) to copy filtered resources, i.e. build is platform dependent!
2024-02-01 10:43:56,230 [main] INFO  o.e.m.c.i.embedder.EclipseLogger - skip non existing resourceDirectory C:\Users\tonda\Downloads\ace-maven-plugin-main\ace-maven-plugin-main\samples\SumAPI\Java_LIB\src\main\resources
2024-02-01 10:43:56,246 [main] WARN  o.e.m.c.i.embedder.EclipseLogger - Using platform encoding (Cp1252 actually) to copy filtered resources, i.e. build is platform dependent!
2024-02-01 10:43:56,246 [main] INFO  o.e.m.c.i.embedder.EclipseLogger - skip non existing resourceDirectory C:\Users\tonda\Downloads\ace-maven-plugin-main\ace-maven-plugin-main\samples\SumAPI\Java_LIB\src\test\resources
2024-02-01 10:44:08,872 [main] WARN  o.e.m.c.i.embedder.EclipseLogger - Using platform encoding (Cp1252 actually) to copy filtered resources, i.e. build is platform dependent!
2024-02-01 10:44:08,872 [main] INFO  o.e.m.c.i.embedder.EclipseLogger - skip non existing resourceDirectory C:\Users\tonda\Downloads\ace-maven-plugin-main\ace-maven-plugin-main\samples\SumAPI\Java_LIB\src\main\resources
2024-02-01 10:44:08,872 [main] WARN  o.e.m.c.i.embedder.EclipseLogger - Using platform encoding (Cp1252 actually) to copy filtered resources, i.e. build is platform dependent!
2024-02-01 10:44:08,872 [main] INFO  o.e.m.c.i.embedder.EclipseLogger - skip non existing resourceDirectory C:\Users\tonda\Downloads\ace-maven-plugin-main\ace-maven-plugin-main\samples\SumAPI\Java_LIB\src\test\resources
2024-02-01 10:44:22,441 [main] WARN  o.e.m.c.i.embedder.EclipseLogger - Using platform encoding (Cp1252 actually) to copy filtered resources, i.e. build is platform dependent!
2024-02-01 10:44:22,441 [main] INFO  o.e.m.c.i.embedder.EclipseLogger - skip non existing resourceDirectory C:\Users\tonda\Downloads\ace-maven-plugin-main\ace-maven-plugin-main\samples\SumAPI\Java_LIB\src\main\resources
2024-02-01 10:44:22,441 [main] WARN  o.e.m.c.i.embedder.EclipseLogger - Using platform encoding (Cp1252 actually) to copy filtered resources, i.e. build is platform dependent!
2024-02-01 10:44:22,441 [main] INFO  o.e.m.c.i.embedder.EclipseLogger - skip non existing resourceDirectory C:\Users\tonda\Downloads\ace-maven-plugin-main\ace-maven-plugin-main\samples\SumAPI\Java_LIB\src\test\resources
2024-02-01 10:44:35,944 [main] WARN  o.e.m.c.i.embedder.EclipseLogger - Using platform encoding (Cp1252 actually) to copy filtered resources, i.e. build is platform dependent!
2024-02-01 10:44:35,944 [main] INFO  o.e.m.c.i.embedder.EclipseLogger - skip non existing resourceDirectory C:\Users\tonda\Downloads\ace-maven-plugin-main\ace-maven-plugin-main\samples\SumAPI\Java_LIB\src\main\resources
2024-02-01 10:44:35,944 [main] WARN  o.e.m.c.i.embedder.EclipseLogger - Using platform encoding (Cp1252 actually) to copy filtered resources, i.e. build is platform dependent!
2024-02-01 10:44:35,944 [main] INFO  o.e.m.c.i.embedder.EclipseLogger - skip non existing resourceDirectory C:\Users\tonda\Downloads\ace-maven-plugin-main\ace-maven-plugin-main\samples\SumAPI\Java_LIB\src\test\resources
2024-02-01 10:45:41,872 [Worker-3: Updating Maven Dependencies] INFO  o.e.m.c.i.l.LifecycleMappingFactory - Using DEFAULT lifecycle mapping for MavenProject: com.ibm.ace:Calculator_LIB:1.0.0 @ C:\Users\tonda\Downloads\ace-maven-plugin-main\ace-maven-plugin-main\samples\SumAPI\Calculator_LIB\pom.xml.
2024-02-01 10:45:41,910 [Worker-3: Updating Maven Dependencies] INFO  o.e.m.c.i.l.LifecycleMappingFactory - Using DEFAULT lifecycle mapping for MavenProject: com.ibm.ace:Sum_API:1.0.0 @ C:\Users\tonda\Downloads\ace-maven-plugin-main\ace-maven-plugin-main\samples\SumAPI\Sum_API\pom.xml.
2024-02-01 10:45:42,095 [Worker-3: Updating Maven Dependencies] INFO  o.e.m.c.i.l.LifecycleMappingFactory - Using org.eclipse.m2e.jdt.JarLifecycleMapping lifecycle mapping for MavenProject: com.ibm.ace.test:Java_LIB:1.0.0-SNAPSHOT @ C:\Users\tonda\Downloads\ace-maven-plugin-main\ace-maven-plugin-main\samples\SumAPI\Java_LIB\pom.xml.
2024-02-01 10:45:42,127 [Worker-3: Updating Maven Dependencies] INFO  o.e.m.c.i.l.LifecycleMappingFactory - Using DEFAULT lifecycle mapping for MavenProject: com.ibm.ace:Calculator_LIB:1.0.0 @ C:\Users\tonda\Downloads\ace-maven-plugin-main\ace-maven-plugin-main\samples\SumAPI\Calculator_LIB\pom.xml.
2024-02-01 10:45:44,358 [Worker-5: Building] WARN  o.e.m.c.i.embedder.EclipseLogger - Using platform encoding (Cp1252 actually) to copy filtered resources, i.e. build is platform dependent!
2024-02-01 10:45:44,358 [Worker-5: Building] INFO  o.e.m.c.i.embedder.EclipseLogger - skip non existing resourceDirectory C:\Users\tonda\Downloads\ace-maven-plugin-main\ace-maven-plugin-main\samples\SumAPI\Java_LIB\src\main\resources
2024-02-01 10:45:44,358 [Worker-5: Building] WARN  o.e.m.c.i.embedder.EclipseLogger - Using platform encoding (Cp1252 actually) to copy filtered resources, i.e. build is platform dependent!
2024-02-01 10:45:44,358 [Worker-5: Building] INFO  o.e.m.c.i.embedder.EclipseLogger - skip non existing resourceDirectory C:\Users\tonda\Downloads\ace-maven-plugin-main\ace-maven-plugin-main\samples\SumAPI\Java_LIB\src\test\resources
2024-02-01 10:45:56,366 [main] WARN  o.e.m.c.i.embedder.EclipseLogger - Using platform encoding (Cp1252 actually) to copy filtered resources, i.e. build is platform dependent!
2024-02-01 10:45:56,366 [main] INFO  o.e.m.c.i.embedder.EclipseLogger - skip non existing resourceDirectory C:\Users\tonda\Downloads\ace-maven-plugin-main\ace-maven-plugin-main\samples\SumAPI\Java_LIB\src\main\resources
2024-02-01 10:45:56,382 [main] WARN  o.e.m.c.i.embedder.EclipseLogger - Using platform encoding (Cp1252 actually) to copy filtered resources, i.e. build is platform dependent!
2024-02-01 10:45:56,382 [main] INFO  o.e.m.c.i.embedder.EclipseLogger - skip non existing resourceDirectory C:\Users\tonda\Downloads\ace-maven-plugin-main\ace-maven-plugin-main\samples\SumAPI\Java_LIB\src\test\resources
2024-02-01 10:46:07,688 [main] WARN  o.e.m.c.i.embedder.EclipseLogger - Using platform encoding (Cp1252 actually) to copy filtered resources, i.e. build is platform dependent!
2024-02-01 10:46:07,688 [main] INFO  o.e.m.c.i.embedder.EclipseLogger - skip non existing resourceDirectory C:\Users\tonda\Downloads\ace-maven-plugin-main\ace-maven-plugin-main\samples\SumAPI\Java_LIB\src\main\resources
2024-02-01 10:46:07,688 [main] WARN  o.e.m.c.i.embedder.EclipseLogger - Using platform encoding (Cp1252 actually) to copy filtered resources, i.e. build is platform dependent!
2024-02-01 10:46:07,688 [main] INFO  o.e.m.c.i.embedder.EclipseLogger - skip non existing resourceDirectory C:\Users\tonda\Downloads\ace-maven-plugin-main\ace-maven-plugin-main\samples\SumAPI\Java_LIB\src\test\resources
2024-02-01 10:46:19,237 [main] WARN  o.e.m.c.i.embedder.EclipseLogger - Using platform encoding (Cp1252 actually) to copy filtered resources, i.e. build is platform dependent!
2024-02-01 10:46:19,237 [main] INFO  o.e.m.c.i.embedder.EclipseLogger - skip non existing resourceDirectory C:\Users\tonda\Downloads\ace-maven-plugin-main\ace-maven-plugin-main\samples\SumAPI\Java_LIB\src\main\resources
2024-02-01 10:46:19,237 [main] WARN  o.e.m.c.i.embedder.EclipseLogger - Using platform encoding (Cp1252 actually) to copy filtered resources, i.e. build is platform dependent!
2024-02-01 10:46:19,237 [main] INFO  o.e.m.c.i.embedder.EclipseLogger - skip non existing resourceDirectory C:\Users\tonda\Downloads\ace-maven-plugin-main\ace-maven-plugin-main\samples\SumAPI\Java_LIB\src\test\resources
2024-02-01 10:46:32,775 [main] WARN  o.e.m.c.i.embedder.EclipseLogger - Using platform encoding (Cp1252 actually) to copy filtered resources, i.e. build is platform dependent!
2024-02-01 10:46:32,775 [main] INFO  o.e.m.c.i.embedder.EclipseLogger - skip non existing resourceDirectory C:\Users\tonda\Downloads\ace-maven-plugin-main\ace-maven-plugin-main\samples\SumAPI\Java_LIB\src\main\resources
2024-02-01 10:46:32,775 [main] WARN  o.e.m.c.i.embedder.EclipseLogger - Using platform encoding (Cp1252 actually) to copy filtered resources, i.e. build is platform dependent!
2024-02-01 10:46:32,775 [main] INFO  o.e.m.c.i.embedder.EclipseLogger - skip non existing resourceDirectory C:\Users\tonda\Downloads\ace-maven-plugin-main\ace-maven-plugin-main\samples\SumAPI\Java_LIB\src\test\resources
2024-02-01 10:46:46,354 [main] WARN  o.e.m.c.i.embedder.EclipseLogger - Using platform encoding (Cp1252 actually) to copy filtered resources, i.e. build is platform dependent!
2024-02-01 10:46:46,354 [main] INFO  o.e.m.c.i.embedder.EclipseLogger - skip non existing resourceDirectory C:\Users\tonda\Downloads\ace-maven-plugin-main\ace-maven-plugin-main\samples\SumAPI\Java_LIB\src\main\resources
2024-02-01 10:46:46,354 [main] WARN  o.e.m.c.i.embedder.EclipseLogger - Using platform encoding (Cp1252 actually) to copy filtered resources, i.e. build is platform dependent!
2024-02-01 10:46:46,364 [main] INFO  o.e.m.c.i.embedder.EclipseLogger - skip non existing resourceDirectory C:\Users\tonda\Downloads\ace-maven-plugin-main\ace-maven-plugin-main\samples\SumAPI\Java_LIB\src\test\resources
2024-02-01 10:46:58,927 [main] WARN  o.e.m.c.i.embedder.EclipseLogger - Using platform encoding (Cp1252 actually) to copy filtered resources, i.e. build is platform dependent!
2024-02-01 10:46:58,927 [main] INFO  o.e.m.c.i.embedder.EclipseLogger - skip non existing resourceDirectory C:\Users\tonda\Downloads\ace-maven-plugin-main\ace-maven-plugin-main\samples\SumAPI\Java_LIB\src\main\resources
2024-02-01 10:46:58,927 [main] WARN  o.e.m.c.i.embedder.EclipseLogger - Using platform encoding (Cp1252 actually) to copy filtered resources, i.e. build is platform dependent!
2024-02-01 10:46:58,927 [main] INFO  o.e.m.c.i.embedder.EclipseLogger - skip non existing resourceDirectory C:\Users\tonda\Downloads\ace-maven-plugin-main\ace-maven-plugin-main\samples\SumAPI\Java_LIB\src\test\resources
2024-02-01 10:51:23,474 [Worker-0: Updating Maven Dependencies] INFO  o.e.m.c.i.l.LifecycleMappingFactory - Using DEFAULT lifecycle mapping for MavenProject: com.ibm.ace:Calculator_LIB:1.0.0 @ C:\Users\tonda\Downloads\ace-maven-plugin-main\ace-maven-plugin-main\samples\SumAPI\Calculator_LIB\pom.xml.
2024-02-01 10:51:23,521 [Worker-0: Updating Maven Dependencies] INFO  o.e.m.c.i.l.LifecycleMappingFactory - Using DEFAULT lifecycle mapping for MavenProject: com.ibm.ace:Sum_API:1.0.0 @ C:\Users\tonda\Downloads\ace-maven-plugin-main\ace-maven-plugin-main\samples\SumAPI\Sum_API\pom.xml.
2024-02-01 10:51:23,727 [Worker-0: Updating Maven Dependencies] INFO  o.e.m.c.i.l.LifecycleMappingFactory - Using org.eclipse.m2e.jdt.JarLifecycleMapping lifecycle mapping for MavenProject: com.ibm.ace.test:Java_LIB:1.0.0-SNAPSHOT @ C:\Users\tonda\Downloads\ace-maven-plugin-main\ace-maven-plugin-main\samples\SumAPI\Java_LIB\pom.xml.
2024-02-01 10:51:23,743 [Worker-0: Updating Maven Dependencies] INFO  o.e.m.c.i.l.LifecycleMappingFactory - Using DEFAULT lifecycle mapping for MavenProject: com.ibm.ace:Calculator_LIB:1.0.0 @ C:\Users\tonda\Downloads\ace-maven-plugin-main\ace-maven-plugin-main\samples\SumAPI\Calculator_LIB\pom.xml.
2024-02-01 10:51:24,691 [Worker-4: Building] WARN  o.e.m.c.i.embedder.EclipseLogger - Using platform encoding (Cp1252 actually) to copy filtered resources, i.e. build is platform dependent!
2024-02-01 10:51:24,695 [Worker-4: Building] INFO  o.e.m.c.i.embedder.EclipseLogger - skip non existing resourceDirectory C:\Users\tonda\Downloads\ace-maven-plugin-main\ace-maven-plugin-main\samples\SumAPI\Java_LIB\src\main\resources
2024-02-01 10:51:24,695 [Worker-4: Building] WARN  o.e.m.c.i.embedder.EclipseLogger - Using platform encoding (Cp1252 actually) to copy filtered resources, i.e. build is platform dependent!
2024-02-01 10:51:24,695 [Worker-4: Building] INFO  o.e.m.c.i.embedder.EclipseLogger - skip non existing resourceDirectory C:\Users\tonda\Downloads\ace-maven-plugin-main\ace-maven-plugin-main\samples\SumAPI\Java_LIB\src\test\resources
2024-02-01 10:51:39,909 [main] WARN  o.e.m.c.i.embedder.EclipseLogger - Using platform encoding (Cp1252 actually) to copy filtered resources, i.e. build is platform dependent!
2024-02-01 10:51:39,909 [main] INFO  o.e.m.c.i.embedder.EclipseLogger - skip non existing resourceDirectory C:\Users\tonda\Downloads\ace-maven-plugin-main\ace-maven-plugin-main\samples\SumAPI\Java_LIB\src\main\resources
2024-02-01 10:51:39,909 [main] WARN  o.e.m.c.i.embedder.EclipseLogger - Using platform encoding (Cp1252 actually) to copy filtered resources, i.e. build is platform dependent!
2024-02-01 10:51:39,909 [main] INFO  o.e.m.c.i.embedder.EclipseLogger - skip non existing resourceDirectory C:\Users\tonda\Downloads\ace-maven-plugin-main\ace-maven-plugin-main\samples\SumAPI\Java_LIB\src\test\resources
2024-02-01 10:51:51,212 [main] WARN  o.e.m.c.i.embedder.EclipseLogger - Using platform encoding (Cp1252 actually) to copy filtered resources, i.e. build is platform dependent!
2024-02-01 10:51:51,212 [main] INFO  o.e.m.c.i.embedder.EclipseLogger - skip non existing resourceDirectory C:\Users\tonda\Downloads\ace-maven-plugin-main\ace-maven-plugin-main\samples\SumAPI\Java_LIB\src\main\resources
2024-02-01 10:51:51,212 [main] WARN  o.e.m.c.i.embedder.EclipseLogger - Using platform encoding (Cp1252 actually) to copy filtered resources, i.e. build is platform dependent!
2024-02-01 10:51:51,212 [main] INFO  o.e.m.c.i.embedder.EclipseLogger - skip non existing resourceDirectory C:\Users\tonda\Downloads\ace-maven-plugin-main\ace-maven-plugin-main\samples\SumAPI\Java_LIB\src\test\resources
2024-02-01 10:52:02,717 [main] WARN  o.e.m.c.i.embedder.EclipseLogger - Using platform encoding (Cp1252 actually) to copy filtered resources, i.e. build is platform dependent!
2024-02-01 10:52:02,717 [main] INFO  o.e.m.c.i.embedder.EclipseLogger - skip non existing resourceDirectory C:\Users\tonda\Downloads\ace-maven-plugin-main\ace-maven-plugin-main\samples\SumAPI\Java_LIB\src\main\resources
2024-02-01 10:52:02,717 [main] WARN  o.e.m.c.i.embedder.EclipseLogger - Using platform encoding (Cp1252 actually) to copy filtered resources, i.e. build is platform dependent!
2024-02-01 10:52:02,717 [main] INFO  o.e.m.c.i.embedder.EclipseLogger - skip non existing resourceDirectory C:\Users\tonda\Downloads\ace-maven-plugin-main\ace-maven-plugin-main\samples\SumAPI\Java_LIB\src\test\resources
2024-02-01 10:52:15,294 [main] WARN  o.e.m.c.i.embedder.EclipseLogger - Using platform encoding (Cp1252 actually) to copy filtered resources, i.e. build is platform dependent!
2024-02-01 10:52:15,294 [main] INFO  o.e.m.c.i.embedder.EclipseLogger - skip non existing resourceDirectory C:\Users\tonda\Downloads\ace-maven-plugin-main\ace-maven-plugin-main\samples\SumAPI\Java_LIB\src\main\resources
2024-02-01 10:52:15,294 [main] WARN  o.e.m.c.i.embedder.EclipseLogger - Using platform encoding (Cp1252 actually) to copy filtered resources, i.e. build is platform dependent!
2024-02-01 10:52:15,294 [main] INFO  o.e.m.c.i.embedder.EclipseLogger - skip non existing resourceDirectory C:\Users\tonda\Downloads\ace-maven-plugin-main\ace-maven-plugin-main\samples\SumAPI\Java_LIB\src\test\resources
2024-02-01 10:52:28,787 [main] WARN  o.e.m.c.i.embedder.EclipseLogger - Using platform encoding (Cp1252 actually) to copy filtered resources, i.e. build is platform dependent!
2024-02-01 10:52:28,800 [main] INFO  o.e.m.c.i.embedder.EclipseLogger - skip non existing resourceDirectory C:\Users\tonda\Downloads\ace-maven-plugin-main\ace-maven-plugin-main\samples\SumAPI\Java_LIB\src\main\resources
2024-02-01 10:52:28,801 [main] WARN  o.e.m.c.i.embedder.EclipseLogger - Using platform encoding (Cp1252 actually) to copy filtered resources, i.e. build is platform dependent!
2024-02-01 10:52:28,801 [main] INFO  o.e.m.c.i.embedder.EclipseLogger - skip non existing resourceDirectory C:\Users\tonda\Downloads\ace-maven-plugin-main\ace-maven-plugin-main\samples\SumAPI\Java_LIB\src\test\resources
2024-02-01 10:52:42,308 [main] WARN  o.e.m.c.i.embedder.EclipseLogger - Using platform encoding (Cp1252 actually) to copy filtered resources, i.e. build is platform dependent!
2024-02-01 10:52:42,308 [main] INFO  o.e.m.c.i.embedder.EclipseLogger - skip non existing resourceDirectory C:\Users\tonda\Downloads\ace-maven-plugin-main\ace-maven-plugin-main\samples\SumAPI\Java_LIB\src\main\resources
2024-02-01 10:52:42,308 [main] WARN  o.e.m.c.i.embedder.EclipseLogger - Using platform encoding (Cp1252 actually) to copy filtered resources, i.e. build is platform dependent!
2024-02-01 10:52:42,308 [main] INFO  o.e.m.c.i.embedder.EclipseLogger - skip non existing resourceDirectory C:\Users\tonda\Downloads\ace-maven-plugin-main\ace-maven-plugin-main\samples\SumAPI\Java_LIB\src\test\resources
